app/build/intermediates/manifest_merge_blame_file/debug/manifest-merger-blame-debug-report.txt
1<?xml version="1.0" encoding="utf-8"?>
2<manifest xmlns:android="http://schemas.android.com/apk/res/android"
3    package="com.silentguard.app"
4    android:versionCode="1"
5    android:versionName="1.0" >
6
7    <uses-sdk
8        android:minSdkVersion="24"
9        android:targetSdkVersion="33" />
10
11    <uses-permission android:name="android.permission.RECORD_AUDIO" />
11-->src\main\AndroidManifest.xml:5:5-71
11-->src\main\AndroidManifest.xml:5:22-68
12    <uses-permission android:name="android.permission.ACCESS_FINE_LOCATION" />
12-->src\main\AndroidManifest.xml:6:5-79
12-->src\main\AndroidManifest.xml:6:22-76
13    <uses-permission android:name="android.permission.ACCESS_COARSE_LOCATION" />
13-->src\main\AndroidManifest.xml:7:5-81
13-->src\main\AndroidManifest.xml:7:22-78
14    <uses-permission android:name="android.permission.SEND_SMS" />
14-->src\main\AndroidManifest.xml:8:5-67
14-->src\main\AndroidManifest.xml:8:22-64
15    <uses-permission android:name="android.permission.CALL_PHONE" />
15-->src\main\AndroidManifest.xml:9:5-69
15-->src\main\AndroidManifest.xml:9:22-66
16    <uses-permission android:name="android.permission.READ_CONTACTS" />
16-->src\main\AndroidManifest.xml:10:5-72
16-->src\main\AndroidManifest.xml:10:22-69
17    <uses-permission android:name="android.permission.FOREGROUND_SERVICE" />
17-->src\main\AndroidManifest.xml:11:5-77
17-->src\main\AndroidManifest.xml:11:22-74
18    <uses-permission android:name="android.permission.FOREGROUND_SERVICE_MICROPHONE" />
18-->src\main\AndroidManifest.xml:12:5-88
18-->src\main\AndroidManifest.xml:12:22-85
19    <uses-permission android:name="android.permission.FOREGROUND_SERVICE_LOCATION" />
19-->src\main\AndroidManifest.xml:13:5-86
19-->src\main\AndroidManifest.xml:13:22-83
20    <uses-permission android:name="android.permission.REQUEST_IGNORE_BATTERY_OPTIMIZATIONS" />
20-->src\main\AndroidManifest.xml:14:5-95
20-->src\main\AndroidManifest.xml:14:22-92
21    <uses-permission android:name="android.permission.POST_NOTIFICATIONS" />
21-->src\main\AndroidManifest.xml:15:5-77
21-->src\main\AndroidManifest.xml:15:22-74
22    <uses-permission android:name="android.permission.CAMERA" />
22-->src\main\AndroidManifest.xml:16:5-65
22-->src\main\AndroidManifest.xml:16:22-62
23    <uses-permission android:name="android.permission.WAKE_LOCK" />
23-->src\main\AndroidManifest.xml:17:5-68
23-->src\main\AndroidManifest.xml:17:22-65
24    <uses-permission android:name="android.permission.ACCESS_BACKGROUND_LOCATION" />
24-->src\main\AndroidManifest.xml:18:5-85
24-->src\main\AndroidManifest.xml:18:22-82
25    <uses-permission android:name="android.permission.SYSTEM_ALERT_WINDOW" />
25-->src\main\AndroidManifest.xml:19:5-78
25-->src\main\AndroidManifest.xml:19:22-75
26
27    <uses-feature android:name="android.hardware.camera" />
27-->src\main\AndroidManifest.xml:20:5-60
27-->src\main\AndroidManifest.xml:20:19-57
28    <uses-feature android:name="android.hardware.camera.front" />
28-->src\main\AndroidManifest.xml:21:5-66
28-->src\main\AndroidManifest.xml:21:19-63
29
30    <uses-permission android:name="android.permission.INTERNET" />
30-->[com.google.firebase:firebase-auth:22.1.0] AndroidManifest.xml:25:5-67
30-->[com.google.firebase:firebase-auth:22.1.0] AndroidManifest.xml:25:22-64
31    <uses-permission android:name="android.permission.ACCESS_NETWORK_STATE" />
31-->[com.google.firebase:firebase-auth:22.1.0] AndroidManifest.xml:26:5-79
31-->[com.google.firebase:firebase-auth:22.1.0] AndroidManifest.xml:26:22-76
32    <uses-permission android:name="com.google.android.gms.permission.AD_ID" />
32-->[com.google.android.gms:play-services-measurement-api:21.3.0] AndroidManifest.xml:25:5-79
32-->[com.google.android.gms:play-services-measurement-api:21.3.0] AndroidManifest.xml:25:22-76
33    <uses-permission android:name="com.google.android.finsky.permission.BIND_GET_INSTALL_REFERRER_SERVICE" />
33-->[com.google.android.gms:play-services-measurement:21.3.0] AndroidManifest.xml:26:5-110
33-->[com.google.android.gms:play-services-measurement:21.3.0] AndroidManifest.xml:26:22-107
34
35    <permission
35-->[androidx.core:core:1.9.0] AndroidManifest.xml:22:5-24:47
36        android:name="com.silentguard.app.DYNAMIC_RECEIVER_NOT_EXPORTED_PERMISSION"
36-->[androidx.core:core:1.9.0] AndroidManifest.xml:23:9-81
37        android:protectionLevel="signature" />
37-->[androidx.core:core:1.9.0] AndroidManifest.xml:24:9-44
38
39    <uses-permission android:name="com.silentguard.app.DYNAMIC_RECEIVER_NOT_EXPORTED_PERMISSION" />
39-->[androidx.core:core:1.9.0] AndroidManifest.xml:26:5-97
39-->[androidx.core:core:1.9.0] AndroidManifest.xml:26:22-94
40
41    <application
41-->src\main\AndroidManifest.xml:23:5-90:19
42        android:name="com.silentguard.app.SilentGuardApplication"
42-->src\main\AndroidManifest.xml:24:9-47
43        android:allowBackup="true"
43-->src\main\AndroidManifest.xml:25:9-35
44        android:appComponentFactory="androidx.core.app.CoreComponentFactory"
44-->[androidx.core:core:1.9.0] AndroidManifest.xml:28:18-86
45        android:debuggable="true"
46        android:extractNativeLibs="false"
47        android:icon="@mipmap/ic_launcher"
47-->src\main\AndroidManifest.xml:26:9-43
48        android:label="@string/app_name"
48-->src\main\AndroidManifest.xml:27:9-41
49        android:roundIcon="@mipmap/ic_launcher_round"
49-->src\main\AndroidManifest.xml:28:9-54
50        android:supportsRtl="true"
50-->src\main\AndroidManifest.xml:29:9-35
51        android:testOnly="true"
52        android:theme="@style/Theme.SilentGuard" >
52-->src\main\AndroidManifest.xml:30:9-49
53        <activity
53-->src\main\AndroidManifest.xml:31:9-38:20
54            android:name="com.silentguard.app.LoginActivity"
54-->src\main\AndroidManifest.xml:32:13-42
55            android:exported="true" >
55-->src\main\AndroidManifest.xml:33:13-36
56            <intent-filter>
56-->src\main\AndroidManifest.xml:34:13-37:29
57                <action android:name="android.intent.action.MAIN" />
57-->src\main\AndroidManifest.xml:35:17-69
57-->src\main\AndroidManifest.xml:35:25-66
58
59                <category android:name="android.intent.category.LAUNCHER" />
59-->src\main\AndroidManifest.xml:36:17-77
59-->src\main\AndroidManifest.xml:36:27-74
60            </intent-filter>
61        </activity>
62        <activity android:name="com.silentguard.app.SignUpActivity" />
62-->src\main\AndroidManifest.xml:39:9-52
62-->src\main\AndroidManifest.xml:39:19-49
63        <activity android:name="com.silentguard.app.MainActivity" />
63-->src\main\AndroidManifest.xml:40:9-50
63-->src\main\AndroidManifest.xml:40:19-47
64        <activity android:name="com.silentguard.app.TriggerSettingsActivity" />
64-->src\main\AndroidManifest.xml:41:9-61
64-->src\main\AndroidManifest.xml:41:19-58
65        <activity android:name="com.silentguard.app.VolumeTriggerSettingsActivity" />
65-->src\main\AndroidManifest.xml:42:9-67
65-->src\main\AndroidManifest.xml:42:19-64
66        <activity android:name="com.silentguard.app.PasswordTriggerSettingsActivity" />
66-->src\main\AndroidManifest.xml:43:9-69
66-->src\main\AndroidManifest.xml:43:19-66
67        <activity
67-->src\main\AndroidManifest.xml:44:9-48:43
68            android:name="com.silentguard.app.EmergencyResponseActivity"
68-->src\main\AndroidManifest.xml:44:19-60
69            android:excludeFromRecents="true"
69-->src\main\AndroidManifest.xml:46:13-46
70            android:showOnLockScreen="true"
70-->src\main\AndroidManifest.xml:47:13-44
71            android:theme="@style/Theme.SilentGuard.Transparent"
71-->src\main\AndroidManifest.xml:45:13-65
72            android:turnScreenOn="true" />
72-->src\main\AndroidManifest.xml:48:13-40
73        <activity android:name="com.silentguard.app.ShareLocationActivity" />
73-->src\main\AndroidManifest.xml:49:9-59
73-->src\main\AndroidManifest.xml:49:19-56
74        <activity android:name="com.silentguard.app.HowItWorksActivity" />
74-->src\main\AndroidManifest.xml:50:9-56
74-->src\main\AndroidManifest.xml:50:19-53
75        <activity android:name="com.silentguard.app.HistoryActivity" />
75-->src\main\AndroidManifest.xml:51:9-53
75-->src\main\AndroidManifest.xml:51:19-50
76        <activity android:name="com.silentguard.app.SettingsActivity" />
76-->src\main\AndroidManifest.xml:52:9-54
76-->src\main\AndroidManifest.xml:52:19-51
77        <activity android:name="com.silentguard.app.ProfileActivity" />
77-->src\main\AndroidManifest.xml:53:9-53
77-->src\main\AndroidManifest.xml:53:19-50
78        <activity android:name="com.silentguard.app.EditProfileActivity" />
78-->src\main\AndroidManifest.xml:54:9-57
78-->src\main\AndroidManifest.xml:54:19-54
79        <activity android:name="com.silentguard.app.EmergencyContactsActivity" />
79-->src\main\AndroidManifest.xml:55:9-63
79-->src\main\AndroidManifest.xml:55:19-60
80        <activity android:name="com.silentguard.app.PrivacyPolicyActivity" />
80-->src\main\AndroidManifest.xml:56:9-59
80-->src\main\AndroidManifest.xml:56:19-56
81        <activity android:name="com.silentguard.app.NotificationCenterActivity" />
81-->src\main\AndroidManifest.xml:57:9-64
81-->src\main\AndroidManifest.xml:57:19-61
82
83        <service
83-->src\main\AndroidManifest.xml:59:9-63:67
84            android:name="com.silentguard.app.SilentGuardService"
84-->src\main\AndroidManifest.xml:60:13-47
85            android:enabled="true"
85-->src\main\AndroidManifest.xml:61:13-35
86            android:exported="false"
86-->src\main\AndroidManifest.xml:62:13-37
87            android:foregroundServiceType="microphone|location" />
87-->src\main\AndroidManifest.xml:63:13-64
88
89        <receiver
89-->src\main\AndroidManifest.xml:65:9-77:20
90            android:name="com.silentguard.app.MyDeviceAdminReceiver"
90-->src\main\AndroidManifest.xml:66:13-50
91            android:description="@string/app_name"
91-->src\main\AndroidManifest.xml:67:13-51
92            android:exported="true"
92-->src\main\AndroidManifest.xml:70:13-36
93            android:label="@string/app_name"
93-->src\main\AndroidManifest.xml:68:13-45
94            android:permission="android.permission.BIND_DEVICE_ADMIN" >
94-->src\main\AndroidManifest.xml:69:13-70
95            <meta-data
95-->src\main\AndroidManifest.xml:71:13-73:62
96                android:name="android.app.device_admin"
96-->src\main\AndroidManifest.xml:72:17-56
97                android:resource="@xml/device_admin_rules" />
97-->src\main\AndroidManifest.xml:73:17-59
98
99            <intent-filter>
99-->src\main\AndroidManifest.xml:74:13-76:29
100                <action android:name="android.app.action.DEVICE_ADMIN_ENABLED" />
100-->src\main\AndroidManifest.xml:75:17-82
100-->src\main\AndroidManifest.xml:75:25-79
101            </intent-filter>
102        </receiver>
103
104        <service
104-->src\main\AndroidManifest.xml:79:9-89:19
105            android:name="com.silentguard.app.SilentGuardAccessibilityService"
105-->src\main\AndroidManifest.xml:80:13-60
106            android:exported="true"
106-->src\main\AndroidManifest.xml:82:13-36
107            android:permission="android.permission.BIND_ACCESSIBILITY_SERVICE" >
107-->src\main\AndroidManifest.xml:81:13-79
108            <intent-filter>
108-->src\main\AndroidManifest.xml:83:13-85:29
109                <action android:name="android.accessibilityservice.AccessibilityService" />
109-->src\main\AndroidManifest.xml:84:17-92
109-->src\main\AndroidManifest.xml:84:25-89
110            </intent-filter>
111
112            <meta-data
112-->src\main\AndroidManifest.xml:86:13-88:72
113                android:name="android.accessibilityservice"
113-->src\main\AndroidManifest.xml:87:17-60
114                android:resource="@xml/accessibility_service_config" />
114-->src\main\AndroidManifest.xml:88:17-69
115        </service>
116
117        <activity
117-->[com.google.firebase:firebase-auth:22.1.0] AndroidManifest.xml:29:9-46:20
118            android:name="com.google.firebase.auth.internal.GenericIdpActivity"
118-->[com.google.firebase:firebase-auth:22.1.0] AndroidManifest.xml:30:13-80
119            android:excludeFromRecents="true"
119-->[com.google.firebase:firebase-auth:22.1.0] AndroidManifest.xml:31:13-46
120            android:exported="true"
120-->[com.google.firebase:firebase-auth:22.1.0] AndroidManifest.xml:32:13-36
121            android:launchMode="singleTask"
121-->[com.google.firebase:firebase-auth:22.1.0] AndroidManifest.xml:33:13-44
122            android:theme="@android:style/Theme.Translucent.NoTitleBar" >
122-->[com.google.firebase:firebase-auth:22.1.0] AndroidManifest.xml:34:13-72
123            <intent-filter>
123-->[com.google.firebase:firebase-auth:22.1.0] AndroidManifest.xml:35:13-45:29
124                <action android:name="android.intent.action.VIEW" />
124-->[com.google.firebase:firebase-auth:22.1.0] AndroidManifest.xml:36:17-69
124-->[com.google.firebase:firebase-auth:22.1.0] AndroidManifest.xml:36:25-66
125
126                <category android:name="android.intent.category.DEFAULT" />
126-->[com.google.firebase:firebase-auth:22.1.0] AndroidManifest.xml:38:17-76
126-->[com.google.firebase:firebase-auth:22.1.0] AndroidManifest.xml:38:27-73
127                <category android:name="android.intent.category.BROWSABLE" />
127-->[com.google.firebase:firebase-auth:22.1.0] AndroidManifest.xml:39:17-78
127-->[com.google.firebase:firebase-auth:22.1.0] AndroidManifest.xml:39:27-75
128
129                <data
129-->[com.google.firebase:firebase-auth:22.1.0] AndroidManifest.xml:41:17-44:51
130                    android:host="firebase.auth"
130-->[com.google.firebase:firebase-auth:22.1.0] AndroidManifest.xml:42:21-49
131                    android:path="/"
131-->[com.google.firebase:firebase-auth:22.1.0] AndroidManifest.xml:43:21-37
132                    android:scheme="genericidp" />
132-->[com.google.firebase:firebase-auth:22.1.0] AndroidManifest.xml:44:21-48
133            </intent-filter>
134        </activity>
135        <activity
135-->[com.google.firebase:firebase-auth:22.1.0] AndroidManifest.xml:47:9-64:20
136            android:name="com.google.firebase.auth.internal.RecaptchaActivity"
136-->[com.google.firebase:firebase-auth:22.1.0] AndroidManifest.xml:48:13-79
137            android:excludeFromRecents="true"
137-->[com.google.firebase:firebase-auth:22.1.0] AndroidManifest.xml:49:13-46
138            android:exported="true"
138-->[com.google.firebase:firebase-auth:22.1.0] AndroidManifest.xml:50:13-36
139            android:launchMode="singleTask"
139-->[com.google.firebase:firebase-auth:22.1.0] AndroidManifest.xml:51:13-44
140            android:theme="@android:style/Theme.Translucent.NoTitleBar" >
140-->[com.google.firebase:firebase-auth:22.1.0] AndroidManifest.xml:52:13-72
141            <intent-filter>
141-->[com.google.firebase:firebase-auth:22.1.0] AndroidManifest.xml:53:13-63:29
142                <action android:name="android.intent.action.VIEW" />
142-->[com.google.firebase:firebase-auth:22.1.0] AndroidManifest.xml:36:17-69
142-->[com.google.firebase:firebase-auth:22.1.0] AndroidManifest.xml:36:25-66
143
144                <category android:name="android.intent.category.DEFAULT" />
144-->[com.google.firebase:firebase-auth:22.1.0] AndroidManifest.xml:38:17-76
144-->[com.google.firebase:firebase-auth:22.1.0] AndroidManifest.xml:38:27-73
145                <category android:name="android.intent.category.BROWSABLE" />
145-->[com.google.firebase:firebase-auth:22.1.0] AndroidManifest.xml:39:17-78
145-->[com.google.firebase:firebase-auth:22.1.0] AndroidManifest.xml:39:27-75
146
147                <data
147-->[com.google.firebase:firebase-auth:22.1.0] AndroidManifest.xml:41:17-44:51
148                    android:host="firebase.auth"
148-->[com.google.firebase:firebase-auth:22.1.0] AndroidManifest.xml:42:21-49
149                    android:path="/"
149-->[com.google.firebase:firebase-auth:22.1.0] AndroidManifest.xml:43:21-37
150                    android:scheme="recaptcha" />
150-->[com.google.firebase:firebase-auth:22.1.0] AndroidManifest.xml:44:21-48
151            </intent-filter>
152        </activity>
153
154        <service
154-->[com.google.firebase:firebase-auth:22.1.0] AndroidManifest.xml:66:9-72:19
155            android:name="com.google.firebase.components.ComponentDiscoveryService"
155-->[com.google.firebase:firebase-auth:22.1.0] AndroidManifest.xml:67:13-84
156            android:directBootAware="true"
156-->[com.google.firebase:firebase-common:20.3.3] AndroidManifest.xml:34:13-43
157            android:exported="false" >
157-->[com.google.firebase:firebase-auth:22.1.0] AndroidManifest.xml:68:13-37
158            <meta-data
158-->[com.google.firebase:firebase-auth:22.1.0] AndroidManifest.xml:69:13-71:85
159                android:name="com.google.firebase.components:com.google.firebase.auth.FirebaseAuthRegistrar"
159-->[com.google.firebase:firebase-auth:22.1.0] AndroidManifest.xml:70:17-109
160                android:value="com.google.firebase.components.ComponentRegistrar" />
160-->[com.google.firebase:firebase-auth:22.1.0] AndroidManifest.xml:71:17-82
161            <meta-data
161-->[com.google.firebase:firebase-database:20.2.2] AndroidManifest.xml:31:13-33:85
162                android:name="com.google.firebase.components:com.google.firebase.database.DatabaseRegistrar"
162-->[com.google.firebase:firebase-database:20.2.2] AndroidManifest.xml:32:17-109
163                android:value="com.google.firebase.components.ComponentRegistrar" />
163-->[com.google.firebase:firebase-database:20.2.2] AndroidManifest.xml:33:17-82
164            <meta-data
164-->[com.google.firebase:firebase-storage:20.2.1] AndroidManifest.xml:32:13-34:85
165                android:name="com.google.firebase.components:com.google.firebase.storage.StorageRegistrar"
165-->[com.google.firebase:firebase-storage:20.2.1] AndroidManifest.xml:33:17-107
166                android:value="com.google.firebase.components.ComponentRegistrar" />
166-->[com.google.firebase:firebase-storage:20.2.1] AndroidManifest.xml:34:17-82
167            <meta-data
167-->[com.google.android.gms:play-services-measurement-api:21.3.0] AndroidManifest.xml:31:13-33:85
168                android:name="com.google.firebase.components:com.google.firebase.analytics.connector.internal.AnalyticsConnectorRegistrar"
168-->[com.google.android.gms:play-services-measurement-api:21.3.0] AndroidManifest.xml:32:17-139
169                android:value="com.google.firebase.components.ComponentRegistrar" />
169-->[com.google.android.gms:play-services-measurement-api:21.3.0] AndroidManifest.xml:33:17-82
170            <meta-data
170-->[com.google.firebase:firebase-installations:17.1.3] AndroidManifest.xml:17:13-19:85
171                android:name="com.google.firebase.components:com.google.firebase.installations.FirebaseInstallationsRegistrar"
171-->[com.google.firebase:firebase-installations:17.1.3] AndroidManifest.xml:18:17-127
172                android:value="com.google.firebase.components.ComponentRegistrar" />
172-->[com.google.firebase:firebase-installations:17.1.3] AndroidManifest.xml:19:17-82
173        </service>
174        <service
174-->[androidx.camera:camera-camera2:1.2.3] AndroidManifest.xml:24:9-33:19
175            android:name="androidx.camera.core.impl.MetadataHolderService"
175-->[androidx.camera:camera-camera2:1.2.3] AndroidManifest.xml:25:13-75
176            android:enabled="false"
176-->[androidx.camera:camera-camera2:1.2.3] AndroidManifest.xml:26:13-36
177            android:exported="false" >
177-->[androidx.camera:camera-camera2:1.2.3] AndroidManifest.xml:27:13-37
178            <meta-data
178-->[androidx.camera:camera-camera2:1.2.3] AndroidManifest.xml:30:13-32:89
179                android:name="androidx.camera.core.impl.MetadataHolderService.DEFAULT_CONFIG_PROVIDER"
179-->[androidx.camera:camera-camera2:1.2.3] AndroidManifest.xml:31:17-103
180                android:value="androidx.camera.camera2.Camera2Config$DefaultProvider" />
180-->[androidx.camera:camera-camera2:1.2.3] AndroidManifest.xml:32:17-86
181        </service>
182
183        <activity
183-->[com.google.android.gms:play-services-base:18.1.0] AndroidManifest.xml:20:9-22:45
184            android:name="com.google.android.gms.common.api.GoogleApiActivity"
184-->[com.google.android.gms:play-services-base:18.1.0] AndroidManifest.xml:20:19-85
185            android:exported="false"
185-->[com.google.android.gms:play-services-base:18.1.0] AndroidManifest.xml:22:19-43
186            android:theme="@android:style/Theme.Translucent.NoTitleBar" />
186-->[com.google.android.gms:play-services-base:18.1.0] AndroidManifest.xml:21:19-78
187
188        <provider
188-->[com.google.firebase:firebase-common:20.3.3] AndroidManifest.xml:25:9-30:39
189            android:name="com.google.firebase.provider.FirebaseInitProvider"
189-->[com.google.firebase:firebase-common:20.3.3] AndroidManifest.xml:26:13-77
190            android:authorities="com.silentguard.app.firebaseinitprovider"
190-->[com.google.firebase:firebase-common:20.3.3] AndroidManifest.xml:27:13-72
191            android:directBootAware="true"
191-->[com.google.firebase:firebase-common:20.3.3] AndroidManifest.xml:28:13-43
192            android:exported="false"
192-->[com.google.firebase:firebase-common:20.3.3] AndroidManifest.xml:29:13-37
193            android:initOrder="100" />
193-->[com.google.firebase:firebase-common:20.3.3] AndroidManifest.xml:30:13-36
194        <provider
194-->[androidx.emoji2:emoji2:1.2.0] AndroidManifest.xml:24:9-32:20
195            android:name="androidx.startup.InitializationProvider"
195-->[androidx.emoji2:emoji2:1.2.0] AndroidManifest.xml:25:13-67
196            android:authorities="com.silentguard.app.androidx-startup"
196-->[androidx.emoji2:emoji2:1.2.0] AndroidManifest.xml:26:13-68
197            android:exported="false" >
197-->[androidx.emoji2:emoji2:1.2.0] AndroidManifest.xml:27:13-37
198            <meta-data
198-->[androidx.emoji2:emoji2:1.2.0] AndroidManifest.xml:29:13-31:52
199                android:name="androidx.emoji2.text.EmojiCompatInitializer"
199-->[androidx.emoji2:emoji2:1.2.0] AndroidManifest.xml:30:17-75
200                android:value="androidx.startup" />
200-->[androidx.emoji2:emoji2:1.2.0] AndroidManifest.xml:31:17-49
201            <meta-data
201-->[androidx.lifecycle:lifecycle-process:2.6.1] AndroidManifest.xml:29:13-31:52
202                android:name="androidx.lifecycle.ProcessLifecycleInitializer"
202-->[androidx.lifecycle:lifecycle-process:2.6.1] AndroidManifest.xml:30:17-78
203                android:value="androidx.startup" />
203-->[androidx.lifecycle:lifecycle-process:2.6.1] AndroidManifest.xml:31:17-49
204            <meta-data
204-->[androidx.profileinstaller:profileinstaller:1.3.0] AndroidManifest.xml:29:13-31:52
205                android:name="androidx.profileinstaller.ProfileInstallerInitializer"
205-->[androidx.profileinstaller:profileinstaller:1.3.0] AndroidManifest.xml:30:17-85
206                android:value="androidx.startup" />
206-->[androidx.profileinstaller:profileinstaller:1.3.0] AndroidManifest.xml:31:17-49
207        </provider>
208
209        <receiver
209-->[com.google.android.gms:play-services-measurement:21.3.0] AndroidManifest.xml:29:9-33:20
210            android:name="com.google.android.gms.measurement.AppMeasurementReceiver"
210-->[com.google.android.gms:play-services-measurement:21.3.0] AndroidManifest.xml:30:13-85
211            android:enabled="true"
211-->[com.google.android.gms:play-services-measurement:21.3.0] AndroidManifest.xml:31:13-35
212            android:exported="false" >
212-->[com.google.android.gms:play-services-measurement:21.3.0] AndroidManifest.xml:32:13-37
213        </receiver>
214
215        <service
215-->[com.google.android.gms:play-services-measurement:21.3.0] AndroidManifest.xml:35:9-38:40
216            android:name="com.google.android.gms.measurement.AppMeasurementService"
216-->[com.google.android.gms:play-services-measurement:21.3.0] AndroidManifest.xml:36:13-84
217            android:enabled="true"
217-->[com.google.android.gms:play-services-measurement:21.3.0] AndroidManifest.xml:37:13-35
218            android:exported="false" />
218-->[com.google.android.gms:play-services-measurement:21.3.0] AndroidManifest.xml:38:13-37
219        <service
219-->[com.google.android.gms:play-services-measurement:21.3.0] AndroidManifest.xml:39:9-43:72
220            android:name="com.google.android.gms.measurement.AppMeasurementJobService"
220-->[com.google.android.gms:play-services-measurement:21.3.0] AndroidManifest.xml:40:13-87
221            android:enabled="true"
221-->[com.google.android.gms:play-services-measurement:21.3.0] AndroidManifest.xml:41:13-35
222            android:exported="false"
222-->[com.google.android.gms:play-services-measurement:21.3.0] AndroidManifest.xml:42:13-37
223            android:permission="android.permission.BIND_JOB_SERVICE" />
223-->[com.google.android.gms:play-services-measurement:21.3.0] AndroidManifest.xml:43:13-69
224
225        <meta-data
225-->[com.google.android.gms:play-services-basement:18.1.0] AndroidManifest.xml:21:9-23:69
226            android:name="com.google.android.gms.version"
226-->[com.google.android.gms:play-services-basement:18.1.0] AndroidManifest.xml:22:13-58
227            android:value="@integer/google_play_services_version" />
227-->[com.google.android.gms:play-services-basement:18.1.0] AndroidManifest.xml:23:13-66
228
229        <receiver
229-->[androidx.profileinstaller:profileinstaller:1.3.0] AndroidManifest.xml:34:9-52:20
230            android:name="androidx.profileinstaller.ProfileInstallReceiver"
230-->[androidx.profileinstaller:profileinstaller:1.3.0] AndroidManifest.xml:35:13-76
231            android:directBootAware="false"
231-->[androidx.profileinstaller:profileinstaller:1.3.0] AndroidManifest.xml:36:13-44
232            android:enabled="true"
232-->[androidx.profileinstaller:profileinstaller:1.3.0] AndroidManifest.xml:37:13-35
233            android:exported="true"
233-->[androidx.profileinstaller:profileinstaller:1.3.0] AndroidManifest.xml:38:13-36
234            android:permission="android.permission.DUMP" >
234-->[androidx.profileinstaller:profileinstaller:1.3.0] AndroidManifest.xml:39:13-57
235            <intent-filter>
235-->[androidx.profileinstaller:profileinstaller:1.3.0] AndroidManifest.xml:40:13-42:29
236                <action android:name="androidx.profileinstaller.action.INSTALL_PROFILE" />
236-->[androidx.profileinstaller:profileinstaller:1.3.0] AndroidManifest.xml:41:17-91
236-->[androidx.profileinstaller:profileinstaller:1.3.0] AndroidManifest.xml:41:25-88
237            </intent-filter>
238            <intent-filter>
238-->[androidx.profileinstaller:profileinstaller:1.3.0] AndroidManifest.xml:43:13-45:29
239                <action android:name="androidx.profileinstaller.action.SKIP_FILE" />
239-->[androidx.profileinstaller:profileinstaller:1.3.0] AndroidManifest.xml:44:17-85
239-->[androidx.profileinstaller:profileinstaller:1.3.0] AndroidManifest.xml:44:25-82
240            </intent-filter>
241            <intent-filter>
241-->[androidx.profileinstaller:profileinstaller:1.3.0] AndroidManifest.xml:46:13-48:29
242                <action android:name="androidx.profileinstaller.action.SAVE_PROFILE" />
242-->[androidx.profileinstaller:profileinstaller:1.3.0] AndroidManifest.xml:47:17-88
242-->[androidx.profileinstaller:profileinstaller:1.3.0] AndroidManifest.xml:47:25-85
243            </intent-filter>
244            <intent-filter>
244-->[androidx.profileinstaller:profileinstaller:1.3.0] AndroidManifest.xml:49:13-51:29
245                <action android:name="androidx.profileinstaller.action.BENCHMARK_OPERATION" />
245-->[androidx.profileinstaller:profileinstaller:1.3.0] AndroidManifest.xml:50:17-95
245-->[androidx.profileinstaller:profileinstaller:1.3.0] AndroidManifest.xml:50:25-92
246            </intent-filter>
247        </receiver>
248    </application>
249
250</manifest>